2025-06-03 10:47:17,379 ERROR: Error for address '2420 Bellevue Avenue, Daytona Beach, FL 32114': Message: invalid session id
Stacktrace:
	GetHandleVerifier [0x00007FF77C59F935+25029]
	(No symbol) [0x00007FF77C4F4940]
	(No symbol) [0x00007FF77C2BB940]
	(No symbol) [0x00007FF77C2FBFA3]
	(No symbol) [0x00007FF77C328F52]
	(No symbol) [0x00007FF77C2D47AB]
	(No symbol) [0x00007FF77C325B53]
	(No symbol) [0x00007FF77C325268]
	(No symbol) [0x00007FF77C292C75]
	(No symbol) [0x00007FF77C405F0D]
	(No symbol) [0x00007FF77C413AAF]
	(No symbol) [0x00007FF77C40C49F]
	Microsoft::Applications::Events::EventProperty::to_string [0x00007FF77C6649EA+284650]
	(No symbol) [0x00007FF77C5022D1]
	(No symbol) [0x00007FF77C2917A7]
	Microsoft::Applications::Events::EventProperty::to_string [0x00007FF77C7AFAF8+1640696]
	BaseThreadInitThunk [0x00007FFB096FE8D7+23]
	RtlUserThreadStart [0x00007FFB0A9FC5DC+44]

2025-06-03 10:47:19,382 ERROR: Error for address '220 S. Ridgewood Ave., Daytona Beach, FL 32114': Message: invalid session id
Stacktrace:
	GetHandleVerifier [0x00007FF77C59F935+25029]
	(No symbol) [0x00007FF77C4F4940]
	(No symbol) [0x00007FF77C2BB940]
	(No symbol) [0x00007FF77C2FBFA3]
	(No symbol) [0x00007FF77C328F52]
	(No symbol) [0x00007FF77C2D47AB]
	(No symbol) [0x00007FF77C325B53]
	(No symbol) [0x00007FF77C325268]
	(No symbol) [0x00007FF77C292C75]
	(No symbol) [0x00007FF77C405F0D]
	(No symbol) [0x00007FF77C413AAF]
	(No symbol) [0x00007FF77C40C49F]
	Microsoft::Applications::Events::EventProperty::to_string [0x00007FF77C6649EA+284650]
	(No symbol) [0x00007FF77C5022D1]
	(No symbol) [0x00007FF77C2917A7]
	Microsoft::Applications::Events::EventProperty::to_string [0x00007FF77C7AFAF8+1640696]
	BaseThreadInitThunk [0x00007FFB096FE8D7+23]
	RtlUserThreadStart [0x00007FFB0A9FC5DC+44]

2025-06-03 10:50:06,569 ERROR: Error for address '2420 Bellevue Avenue, Daytona Beach, FL 32114': Message: no such window: target window already closed
from unknown error: web view not found
  (Session info: MicrosoftEdge=136.0.3240.92)
Stacktrace:
	GetHandleVerifier [0x00007FF77C59F935+25029]
	(No symbol) [0x00007FF77C4F4940]
	Microsoft::Applications::Events::EventProperty::to_string [0x00007FF77C7FAA3A+1947706]
	(No symbol) [0x00007FF77C29C28F]
	(No symbol) [0x00007FF77C32EAE0]
	(No symbol) [0x00007FF77C34609A]
	(No symbol) [0x00007FF77C328DF3]
	(No symbol) [0x00007FF77C2FD6A6]
	(No symbol) [0x00007FF77C2FCBB3]
	(No symbol) [0x00007FF77C2FD4D3]
	(No symbol) [0x00007FF77C405F0D]
	(No symbol) [0x00007FF77C413AAF]
	(No symbol) [0x00007FF77C40C49F]
	Microsoft::Applications::Events::EventProperty::to_string [0x00007FF77C6649EA+284650]
	(No symbol) [0x00007FF77C5022D1]
	(No symbol) [0x00007FF77C4FAD74]
	(No symbol) [0x00007FF77C4FAEC3]
	(No symbol) [0x00007FF77C4ECB06]
	BaseThreadInitThunk [0x00007FFB096FE8D7+23]
	RtlUserThreadStart [0x00007FFB0A9FC5DC+44]

2025-06-03 10:54:32,707 ERROR: Error for address '655 North Franklin St., Tampa, FL 33602': Message: no such window: target window already closed
from unknown error: web view not found
  (Session info: MicrosoftEdge=136.0.3240.92)
Stacktrace:
	GetHandleVerifier [0x00007FF77C59F935+25029]
	(No symbol) [0x00007FF77C4F4940]
	Microsoft::Applications::Events::EventProperty::to_string [0x00007FF77C7FAA3A+1947706]
	(No symbol) [0x00007FF77C29C28F]
	(No symbol) [0x00007FF77C32EAE0]
	(No symbol) [0x00007FF77C34609A]
	(No symbol) [0x00007FF77C328DF3]
	(No symbol) [0x00007FF77C2FD6A6]
	(No symbol) [0x00007FF77C2FCBB3]
	(No symbol) [0x00007FF77C2FD4D3]
	(No symbol) [0x00007FF77C405F0D]
	(No symbol) [0x00007FF77C413AAF]
	(No symbol) [0x00007FF77C40C49F]
	Microsoft::Applications::Events::EventProperty::to_string [0x00007FF77C6649EA+284650]
	(No symbol) [0x00007FF77C5022D1]
	(No symbol) [0x00007FF77C4FAD74]
	(No symbol) [0x00007FF77C4FAEC3]
	(No symbol) [0x00007FF77C4ECB06]
	BaseThreadInitThunk [0x00007FFB096FE8D7+23]
	RtlUserThreadStart [0x00007FFB0A9FC5DC+44]

2025-06-03 10:54:34,710 ERROR: Error loading or refreshing FPL map for '2420 Bellevue Avenue, Daytona Beach, FL 32114': Message: no such window: target window already closed
from unknown error: web view not found
  (Session info: MicrosoftEdge=136.0.3240.92)
Stacktrace:
	GetHandleVerifier [0x00007FF77C59F935+25029]
	(No symbol) [0x00007FF77C4F4940]
	Microsoft::Applications::Events::EventProperty::to_string [0x00007FF77C7FAA3A+1947706]
	(No symbol) [0x00007FF77C29C28F]
	(No symbol) [0x00007FF77C32EAE0]
	(No symbol) [0x00007FF77C34609A]
	(No symbol) [0x00007FF77C328DF3]
	(No symbol) [0x00007FF77C2FD6A6]
	(No symbol) [0x00007FF77C2FCBB3]
	(No symbol) [0x00007FF77C2FD4D3]
	(No symbol) [0x00007FF77C405F0D]
	(No symbol) [0x00007FF77C413AAF]
	(No symbol) [0x00007FF77C40C49F]
	Microsoft::Applications::Events::EventProperty::to_string [0x00007FF77C6649EA+284650]
	(No symbol) [0x00007FF77C5022D1]
	(No symbol) [0x00007FF77C4FAD74]
	(No symbol) [0x00007FF77C4FAEC3]
	(No symbol) [0x00007FF77C4ECB06]
	BaseThreadInitThunk [0x00007FFB096FE8D7+23]
	RtlUserThreadStart [0x00007FFB0A9FC5DC+44]

2025-06-03 10:54:36,713 ERROR: Error loading or refreshing FPL map for '220 S. Ridgewood Ave., Daytona Beach, FL 32114': Message: no such window: target window already closed
from unknown error: web view not found
  (Session info: MicrosoftEdge=136.0.3240.92)
Stacktrace:
	GetHandleVerifier [0x00007FF77C59F935+25029]
	(No symbol) [0x00007FF77C4F4940]
	Microsoft::Applications::Events::EventProperty::to_string [0x00007FF77C7FAA3A+1947706]
	(No symbol) [0x00007FF77C29C28F]
	(No symbol) [0x00007FF77C32EAE0]
	(No symbol) [0x00007FF77C34609A]
	(No symbol) [0x00007FF77C328DF3]
	(No symbol) [0x00007FF77C2FD6A6]
	(No symbol) [0x00007FF77C2FCBB3]
	(No symbol) [0x00007FF77C2FD4D3]
	(No symbol) [0x00007FF77C405F0D]
	(No symbol) [0x00007FF77C413AAF]
	(No symbol) [0x00007FF77C40C49F]
	Microsoft::Applications::Events::EventProperty::to_string [0x00007FF77C6649EA+284650]
	(No symbol) [0x00007FF77C5022D1]
	(No symbol) [0x00007FF77C4FAD74]
	(No symbol) [0x00007FF77C4FAEC3]
	(No symbol) [0x00007FF77C4ECB06]
	BaseThreadInitThunk [0x00007FFB096FE8D7+23]
	RtlUserThreadStart [0x00007FFB0A9FC5DC+44]

2025-06-03 10:55:19,099 ERROR: Error for address '2420 Bellevue Avenue, Daytona Beach, FL 32114': Message: invalid session id
Stacktrace:
	GetHandleVerifier [0x00007FF77C59F935+25029]
	(No symbol) [0x00007FF77C4F4940]
	(No symbol) [0x00007FF77C2BB940]
	(No symbol) [0x00007FF77C2FBFA3]
	(No symbol) [0x00007FF77C328F52]
	(No symbol) [0x00007FF77C2D47AB]
	(No symbol) [0x00007FF77C325B53]
	(No symbol) [0x00007FF77C325268]
	(No symbol) [0x00007FF77C292C75]
	(No symbol) [0x00007FF77C405F0D]
	(No symbol) [0x00007FF77C413AAF]
	(No symbol) [0x00007FF77C40C49F]
	Microsoft::Applications::Events::EventProperty::to_string [0x00007FF77C6649EA+284650]
	(No symbol) [0x00007FF77C5022D1]
	(No symbol) [0x00007FF77C2917A7]
	Microsoft::Applications::Events::EventProperty::to_string [0x00007FF77C7AFAF8+1640696]
	BaseThreadInitThunk [0x00007FFB096FE8D7+23]
	RtlUserThreadStart [0x00007FFB0A9FC5DC+44]

2025-06-03 10:55:21,102 ERROR: Error loading or refreshing FPL map for '220 S. Ridgewood Ave., Daytona Beach, FL 32114': Message: invalid session id
Stacktrace:
	GetHandleVerifier [0x00007FF77C59F935+25029]
	(No symbol) [0x00007FF77C4F4940]
	(No symbol) [0x00007FF77C2BB940]
	(No symbol) [0x00007FF77C2FBFA3]
	(No symbol) [0x00007FF77C328F52]
	(No symbol) [0x00007FF77C2D47AB]
	(No symbol) [0x00007FF77C325B53]
	(No symbol) [0x00007FF77C325268]
	(No symbol) [0x00007FF77C292C75]
	(No symbol) [0x00007FF77C405F0D]
	(No symbol) [0x00007FF77C413AAF]
	(No symbol) [0x00007FF77C40C49F]
	Microsoft::Applications::Events::EventProperty::to_string [0x00007FF77C6649EA+284650]
	(No symbol) [0x00007FF77C5022D1]
	(No symbol) [0x00007FF77C2917A7]
	Microsoft::Applications::Events::EventProperty::to_string [0x00007FF77C7AFAF8+1640696]
	BaseThreadInitThunk [0x00007FFB096FE8D7+23]
	RtlUserThreadStart [0x00007FFB0A9FC5DC+44]

2025-06-03 10:55:23,104 ERROR: Error loading or refreshing FPL map for '300 North Beach Street, Daytona Beach, FL 32114': Message: invalid session id
Stacktrace:
	GetHandleVerifier [0x00007FF77C59F935+25029]
	(No symbol) [0x00007FF77C4F4940]
	(No symbol) [0x00007FF77C2BB940]
	(No symbol) [0x00007FF77C2FBFA3]
	(No symbol) [0x00007FF77C328F52]
	(No symbol) [0x00007FF77C2D47AB]
	(No symbol) [0x00007FF77C325B53]
	(No symbol) [0x00007FF77C325268]
	(No symbol) [0x00007FF77C292C75]
	(No symbol) [0x00007FF77C405F0D]
	(No symbol) [0x00007FF77C413AAF]
	(No symbol) [0x00007FF77C40C49F]
	Microsoft::Applications::Events::EventProperty::to_string [0x00007FF77C6649EA+284650]
	(No symbol) [0x00007FF77C5022D1]
	(No symbol) [0x00007FF77C2917A7]
	Microsoft::Applications::Events::EventProperty::to_string [0x00007FF77C7AFAF8+1640696]
	BaseThreadInitThunk [0x00007FFB096FE8D7+23]
	RtlUserThreadStart [0x00007FFB0A9FC5DC+44]

2025-06-03 10:56:41,141 ERROR: Error for address '2420 Bellevue Avenue, Daytona Beach, FL 32114': Message: invalid session id: session deleted as the browser has closed the connection
from disconnected: not connected to DevTools
  (Session info: MicrosoftEdge=136.0.3240.92)
Stacktrace:
	GetHandleVerifier [0x00007FF77C59F935+25029]
	(No symbol) [0x00007FF77C4F4940]
	Microsoft::Applications::Events::EventProperty::to_string [0x00007FF77C7FAA3A+1947706]
	(No symbol) [0x00007FF77C2AB790]
	(No symbol) [0x00007FF77C2CA10A]
	(No symbol) [0x00007FF77C32ED27]
	(No symbol) [0x00007FF77C34609A]
	(No symbol) [0x00007FF77C328DF3]
	(No symbol) [0x00007FF77C2FD6A6]
	(No symbol) [0x00007FF77C2FCBB3]
	(No symbol) [0x00007FF77C2FD4D3]
	(No symbol) [0x00007FF77C405F0D]
	(No symbol) [0x00007FF77C413AAF]
	(No symbol) [0x00007FF77C40C49F]
	Microsoft::Applications::Events::EventProperty::to_string [0x00007FF77C6649EA+284650]
	(No symbol) [0x00007FF77C5022D1]
	(No symbol) [0x00007FF77C4FAD74]
	(No symbol) [0x00007FF77C4FAEC3]
	(No symbol) [0x00007FF77C4ECB06]
	BaseThreadInitThunk [0x00007FFB096FE8D7+23]
	RtlUserThreadStart [0x00007FFB0A9FC5DC+44]

2025-06-03 11:00:35,088 ERROR: Error for address '655 North Franklin St., Tampa, FL 33602': Message: invalid session id
Stacktrace:
	GetHandleVerifier [0x00007FF77C59F935+25029]
	(No symbol) [0x00007FF77C4F4940]
	(No symbol) [0x00007FF77C2BB940]
	(No symbol) [0x00007FF77C2FBFA3]
	(No symbol) [0x00007FF77C328F52]
	(No symbol) [0x00007FF77C2D47AB]
	(No symbol) [0x00007FF77C325B53]
	(No symbol) [0x00007FF77C325268]
	(No symbol) [0x00007FF77C292C75]
	(No symbol) [0x00007FF77C405F0D]
	(No symbol) [0x00007FF77C413AAF]
	(No symbol) [0x00007FF77C40C49F]
	Microsoft::Applications::Events::EventProperty::to_string [0x00007FF77C6649EA+284650]
	(No symbol) [0x00007FF77C5022D1]
	(No symbol) [0x00007FF77C2917A7]
	Microsoft::Applications::Events::EventProperty::to_string [0x00007FF77C7AFAF8+1640696]
	BaseThreadInitThunk [0x00007FFB096FE8D7+23]
	RtlUserThreadStart [0x00007FFB0A9FC5DC+44]

2025-06-03 11:00:58,582 ERROR: Error for address '655 North Franklin St., Tampa, FL 33602': Message: invalid session id
Stacktrace:
	GetHandleVerifier [0x00007FF77C59F935+25029]
	(No symbol) [0x00007FF77C4F4940]
	(No symbol) [0x00007FF77C2BB940]
	(No symbol) [0x00007FF77C2FBFA3]
	(No symbol) [0x00007FF77C328F52]
	(No symbol) [0x00007FF77C2D47AB]
	(No symbol) [0x00007FF77C325B53]
	(No symbol) [0x00007FF77C325268]
	(No symbol) [0x00007FF77C292C75]
	(No symbol) [0x00007FF77C405F0D]
	(No symbol) [0x00007FF77C413AAF]
	(No symbol) [0x00007FF77C40C49F]
	Microsoft::Applications::Events::EventProperty::to_string [0x00007FF77C6649EA+284650]
	(No symbol) [0x00007FF77C5022D1]
	(No symbol) [0x00007FF77C2917A7]
	Microsoft::Applications::Events::EventProperty::to_string [0x00007FF77C7AFAF8+1640696]
	BaseThreadInitThunk [0x00007FFB096FE8D7+23]
	RtlUserThreadStart [0x00007FFB0A9FC5DC+44]

2025-06-03 11:04:47,835 ERROR: Error for address '2420 Bellevue Avenue, Daytona Beach, FL 32114': Message: invalid session id
Stacktrace:
	GetHandleVerifier [0x00007FF77C59F935+25029]
	(No symbol) [0x00007FF77C4F4940]
	(No symbol) [0x00007FF77C2BB940]
	(No symbol) [0x00007FF77C2FBFA3]
	(No symbol) [0x00007FF77C328F52]
	(No symbol) [0x00007FF77C2D47AB]
	(No symbol) [0x00007FF77C325B53]
	(No symbol) [0x00007FF77C325268]
	(No symbol) [0x00007FF77C292C75]
	(No symbol) [0x00007FF77C405F0D]
	(No symbol) [0x00007FF77C413AAF]
	(No symbol) [0x00007FF77C40C49F]
	Microsoft::Applications::Events::EventProperty::to_string [0x00007FF77C6649EA+284650]
	(No symbol) [0x00007FF77C5022D1]
	(No symbol) [0x00007FF77C2917A7]
	Microsoft::Applications::Events::EventProperty::to_string [0x00007FF77C7AFAF8+1640696]
	BaseThreadInitThunk [0x00007FFB096FE8D7+23]
	RtlUserThreadStart [0x00007FFB0A9FC5DC+44]

2025-06-03 11:04:48,868 ERROR: Error for address '220 S. Ridgewood Ave., Daytona Beach, FL 32114': Message: invalid session id
Stacktrace:
	GetHandleVerifier [0x00007FF77C59F935+25029]
	(No symbol) [0x00007FF77C4F4940]
	(No symbol) [0x00007FF77C2BB940]
	(No symbol) [0x00007FF77C2FBFA3]
	(No symbol) [0x00007FF77C328F52]
	(No symbol) [0x00007FF77C2D47AB]
	(No symbol) [0x00007FF77C325B53]
	(No symbol) [0x00007FF77C325268]
	(No symbol) [0x00007FF77C292C75]
	(No symbol) [0x00007FF77C405F0D]
	(No symbol) [0x00007FF77C413AAF]
	(No symbol) [0x00007FF77C40C49F]
	Microsoft::Applications::Events::EventProperty::to_string [0x00007FF77C6649EA+284650]
	(No symbol) [0x00007FF77C5022D1]
	(No symbol) [0x00007FF77C2917A7]
	Microsoft::Applications::Events::EventProperty::to_string [0x00007FF77C7AFAF8+1640696]
	BaseThreadInitThunk [0x00007FFB096FE8D7+23]
	RtlUserThreadStart [0x00007FFB0A9FC5DC+44]

