WARNING:root:FPL scraper failed: Message: stale element reference: stale element not found in the current frame
  (Session info: MicrosoftEdge=138.0.3351.83); For documentation on this error, please visit: https://www.selenium.dev/documentation/webdriver/troubleshooting/errors#stale-element-reference-exception
Stacktrace:
	GetHandleVerifier [0x0x7ff655ab81f5+23461]
	(No symbol) [0x0x7ff655a0c2e0]
	GetHandleVerifier [0x0x7ff655d30128+2611928]
	(No symbol) [0x0x7ff6557e381c]
	(No symbol) [0x0x7ff6557e6e5f]
	(No symbol) [0x0x7ff655868c2a]
	(No symbol) [0x0x7ff65584a6ba]
	(No symbol) [0x0x7ff65581f58d]
	(No symbol) [0x0x7ff65586754f]
	(No symbol) [0x0x7ff65584a423]
	(No symbol) [0x0x7ff65581ea86]
	(No symbol) [0x0x7ff65581dd11]
	(No symbol) [0x0x7ff65581e8b3]
	(No symbol) [0x0x7ff65591dd3d]
	(No symbol) [0x0x7ff65592b0c8]
	GetHandleVerifier [0x0x7ff655b9803b+940523]
	GetHandleVerifier [0x0x7ff655ba0d91+976705]
	(No symbol) [0x0x7ff655a19ed1]
	(No symbol) [0x0x7ff655a128b4]
	(No symbol) [0x0x7ff655a12a03]
	(No symbol) [0x0x7ff655a044a6]
	BaseThreadInitThunk [0x0x7ff80aabe8d7+23]
	RtlUserThreadStart [0x0x7ff80c59c34c+44]

WARNING:root:FPL scraper failed: Message: stale element reference: stale element not found in the current frame
  (Session info: MicrosoftEdge=138.0.3351.83); For documentation on this error, please visit: https://www.selenium.dev/documentation/webdriver/troubleshooting/errors#stale-element-reference-exception
Stacktrace:
	GetHandleVerifier [0x0x7ff655ab81f5+23461]
	(No symbol) [0x0x7ff655a0c2e0]
	GetHandleVerifier [0x0x7ff655d30128+2611928]
	(No symbol) [0x0x7ff6557e381c]
	(No symbol) [0x0x7ff6557e6e5f]
	(No symbol) [0x0x7ff655868c2a]
	(No symbol) [0x0x7ff65584a6ba]
	(No symbol) [0x0x7ff65581f58d]
	(No symbol) [0x0x7ff65586754f]
	(No symbol) [0x0x7ff65584a423]
	(No symbol) [0x0x7ff65581ea86]
	(No symbol) [0x0x7ff65581dd11]
	(No symbol) [0x0x7ff65581e8b3]
	(No symbol) [0x0x7ff65591dd3d]
	(No symbol) [0x0x7ff65592b0c8]
	GetHandleVerifier [0x0x7ff655b9803b+940523]
	GetHandleVerifier [0x0x7ff655ba0d91+976705]
	(No symbol) [0x0x7ff655a19ed1]
	(No symbol) [0x0x7ff655a128b4]
	(No symbol) [0x0x7ff655a12a03]
	(No symbol) [0x0x7ff655a044a6]
	BaseThreadInitThunk [0x0x7ff80aabe8d7+23]
	RtlUserThreadStart [0x0x7ff80c59c34c+44]

WARNING:root:Generic scraper failed for Public Service Company of New Mexico (PNM): ('Connection aborted.', ConnectionResetError(10054, 'An existing connection was forcibly closed by the remote host', None, 10054, None))
